# JRE version: OpenJDK Runtime Environment Temurin-21.0.10+7 (21.0.10+7) (build 21.0.10+7-LTS)
# Java VM: OpenJDK 64-Bit Server VM Temurin-21.0.10+7 (21.0.10+7-LTS, mixed mode, sharing, tiered, compressed oops, compressed class ptrs, parallel gc, windows-amd64)
GC Precious Log:
 CardTable entry size: 512
 CPUs: 8 total, 8 available
 Memory: 7418M
 Large Page Support: Disabled
 NUMA Support: Disabled
 Compressed Oops: Enabled (32-bit)
 Alignments: Space 512K, Generation 512K, Heap 2M
 Heap Min Capacity: 100M
 Heap Initial Capacity: 100M
 Heap Max Capacity: 2G
 Pre-touch: Disabled
 Parallel Workers: 8
Heap:
 PSYoungGen      total 16896K, used 9948K [0x00000000d5580000, 0x00000000d6800000, 0x0000000100000000)
  eden space 15872K, 57% used [0x00000000d5580000,0x00000000d5e6f3c8,0x00000000d6500000)
  from space 1024K, 78% used [0x00000000d6600000,0x00000000d66c8000,0x00000000d6700000)
  to   space 1024K, 0% used [0x00000000d6700000,0x00000000d6700000,0x00000000d6800000)
 ParOldGen       total 71168K, used 70809K [0x0000000080000000, 0x0000000084580000, 0x00000000d5580000)
  object space 71168K, 99% used [0x0000000080000000,0x0000000084526460,0x0000000084580000)
 Metaspace       used 61141K, committed 62592K, reserved 1114112K
  class space    used 6434K, committed 7040K, reserved 1048576K
GC Heap History (20 events):
Event: 30.305 GC heap before
{Heap before GC invocations=61 (full 3):
 PSYoungGen      total 18432K, used 17841K [0x00000000d5580000, 0x00000000d6900000, 0x0000000100000000)
  eden space 16896K, 100% used [0x00000000d5580000,0x00000000d6600000,0x00000000d6600000)
  from space 1536K, 61% used [0x00000000d6600000,0x00000000d66ec4a0,0x00000000d6780000)
  to   space 1024K, 0% used [0x00000000d6800000,0x00000000d6800000,0x00000000d6900000)
 ParOldGen       total 68608K, used 62286K [0x0000000080000000, 0x0000000084300000, 0x00000000d5580000)
  object space 68608K, 90% used [0x0000000080000000,0x0000000083cd3868,0x0000000084300000)
 Metaspace       used 60062K, committed 61568K, reserved 1114112K
  class space    used 6393K, committed 7040K, reserved 1048576K
}
Event: 30.308 GC heap after
{Heap after GC invocations=61 (full 3):
 PSYoungGen      total 16896K, used 1022K [0x00000000d5580000, 0x00000000d6c00000, 0x0000000100000000)
  eden space 15872K, 0% used [0x00000000d5580000,0x00000000d5580000,0x00000000d6500000)
  from space 1024K, 99% used [0x00000000d6800000,0x00000000d68ffb98,0x00000000d6900000)
  to   space 3072K, 0% used [0x00000000d6500000,0x00000000d6500000,0x00000000d6800000)
 ParOldGen       total 68608K, used 63978K [0x0000000080000000, 0x0000000084300000, 0x00000000d5580000)
  object space 68608K, 93% used [0x0000000080000000,0x0000000083e7aa78,0x0000000084300000)
 Metaspace       used 60062K, committed 61568K, reserved 1114112K
  class space    used 6393K, committed 7040K, reserved 1048576K
}
Event: 30.441 GC heap before
{Heap before GC invocations=62 (full 3):
 PSYoungGen      total 16896K, used 16894K [0x00000000d5580000, 0x00000000d6c00000, 0x0000000100000000)
  eden space 15872K, 100% used [0x00000000d5580000,0x00000000d6500000,0x00000000d6500000)
  from space 1024K, 99% used [0x00000000d6800000,0x00000000d68ffb98,0x00000000d6900000)
  to   space 3072K, 0% used [0x00000000d6500000,0x00000000d6500000,0x00000000d6800000)
 ParOldGen       total 68608K, used 63978K [0x0000000080000000, 0x0000000084300000, 0x00000000d5580000)
  object space 68608K, 93% used [0x0000000080000000,0x0000000083e7aa78,0x0000000084300000)
 Metaspace       used 60206K, committed 61696K, reserved 1114112K
  class space    used 6393K, committed 7040K, reserved 1048576K
}
Event: 30.445 GC heap after
{Heap after GC invocations=62 (full 3):
 PSYoungGen      total 16896K, used 640K [0x00000000d5580000, 0x00000000d6880000, 0x0000000100000000)
  eden space 15872K, 0% used [0x00000000d5580000,0x00000000d5580000,0x00000000d6500000)
  from space 1024K, 62% used [0x00000000d6500000,0x00000000d65a0000,0x00000000d6600000)
  to   space 1536K, 0% used [0x00000000d6700000,0x00000000d6700000,0x00000000d6880000)
 ParOldGen       total 68608K, used 64866K [0x0000000080000000, 0x0000000084300000, 0x00000000d5580000)
  object space 68608K, 94% used [0x0000000080000000,0x0000000083f58bb0,0x0000000084300000)
 Metaspace       used 60206K, committed 61696K, reserved 1114112K
  class space    used 6393K, committed 7040K, reserved 1048576K
}
Event: 30.612 GC heap before
{Heap before GC invocations=63 (full 3):
 PSYoungGen      total 16896K, used 16512K [0x00000000d5580000, 0x00000000d6880000, 0x0000000100000000)
  eden space 15872K, 100% used [0x00000000d5580000,0x00000000d6500000,0x00000000d6500000)
  from space 1024K, 62% used [0x00000000d6500000,0x00000000d65a0000,0x00000000d6600000)
  to   space 1536K, 0% used [0x00000000d6700000,0x00000000d6700000,0x00000000d6880000)
 ParOldGen       total 68608K, used 64866K [0x0000000080000000, 0x0000000084300000, 0x00000000d5580000)
  object space 68608K, 94% used [0x0000000080000000,0x0000000083f58bb0,0x0000000084300000)
 Metaspace       used 60271K, committed 61760K, reserved 1114112K
  class space    used 6393K, committed 7040K, reserved 1048576K
}
Event: 30.615 GC heap after
{Heap after GC invocations=63 (full 3):
 PSYoungGen      total 16384K, used 474K [0x00000000d5580000, 0x00000000d6780000, 0x0000000100000000)
  eden space 15872K, 0% used [0x00000000d5580000,0x00000000d5580000,0x00000000d6500000)
  from space 512K, 92% used [0x00000000d6700000,0x00000000d6776900,0x00000000d6780000)
  to   space 1024K, 0% used [0x00000000d6580000,0x00000000d6580000,0x00000000d6680000)
 ParOldGen       total 68608K, used 65305K [0x0000000080000000, 0x0000000084300000, 0x00000000d5580000)
  object space 68608K, 95% used [0x0000000080000000,0x0000000083fc6660,0x0000000084300000)
 Metaspace       used 60271K, committed 61760K, reserved 1114112K
  class space    used 6393K, committed 7040K, reserved 1048576K
}
Event: 30.969 GC heap before
{Heap before GC invocations=64 (full 3):
 PSYoungGen      total 16384K, used 16346K [0x00000000d5580000, 0x00000000d6780000, 0x0000000100000000)
  eden space 15872K, 100% used [0x00000000d5580000,0x00000000d6500000,0x00000000d6500000)
  from space 512K, 92% used [0x00000000d6700000,0x00000000d6776900,0x00000000d6780000)
  to   space 1024K, 0% used [0x00000000d6580000,0x00000000d6580000,0x00000000d6680000)
 ParOldGen       total 68608K, used 65305K [0x0000000080000000, 0x0000000084300000, 0x00000000d5580000)
  object space 68608K, 95% used [0x0000000080000000,0x0000000083fc6660,0x0000000084300000)
 Metaspace       used 60417K, committed 61888K, reserved 1114112K
  class space    used 6393K, committed 7040K, reserved 1048576K
}
Event: 30.972 GC heap after
{Heap after GC invocations=64 (full 3):
 PSYoungGen      total 16896K, used 1024K [0x00000000d5580000, 0x00000000d6900000, 0x0000000100000000)
  eden space 15872K, 0% used [0x00000000d5580000,0x00000000d5580000,0x00000000d6500000)
  from space 1024K, 100% used [0x00000000d6580000,0x00000000d6680000,0x00000000d6680000)
  to   space 2048K, 0% used [0x00000000d6700000,0x00000000d6700000,0x00000000d6900000)
 ParOldGen       total 68608K, used 65754K [0x0000000080000000, 0x0000000084300000, 0x00000000d5580000)
  object space 68608K, 95% used [0x0000000080000000,0x0000000084036870,0x0000000084300000)
 Metaspace       used 60417K, committed 61888K, reserved 1114112K
  class space    used 6393K, committed 7040K, reserved 1048576K
}
Event: 31.335 GC heap before
{Heap before GC invocations=65 (full 3):
 PSYoungGen      total 16896K, used 16896K [0x00000000d5580000, 0x00000000d6900000, 0x0000000100000000)
  eden space 15872K, 100% used [0x00000000d5580000,0x00000000d6500000,0x00000000d6500000)
  from space 1024K, 100% used [0x00000000d6580000,0x00000000d6680000,0x00000000d6680000)
  to   space 2048K, 0% used [0x00000000d6700000,0x00000000d6700000,0x00000000d6900000)
 ParOldGen       total 68608K, used 65754K [0x0000000080000000, 0x0000000084300000, 0x00000000d5580000)
  object space 68608K, 95% used [0x0000000080000000,0x0000000084036870,0x0000000084300000)
 Metaspace       used 60419K, committed 61888K, reserved 1114112K
  class space    used 6393K, committed 7040K, reserved 1048576K
}
Event: 31.338 GC heap after
{Heap after GC invocations=65 (full 3):
 PSYoungGen      total 17408K, used 1472K [0x00000000d5580000, 0x00000000d6880000, 0x0000000100000000)
  eden space 15872K, 0% used [0x00000000d5580000,0x00000000d5580000,0x00000000d6500000)
  from space 1536K, 95% used [0x00000000d6700000,0x00000000d6870000,0x00000000d6880000)
  to   space 1536K, 0% used [0x00000000d6580000,0x00000000d6580000,0x00000000d6700000)
 ParOldGen       total 68608K, used 66758K [0x0000000080000000, 0x0000000084300000, 0x00000000d5580000)
  object space 68608K, 97% used [0x0000000080000000,0x0000000084131880,0x0000000084300000)
 Metaspace       used 60419K, committed 61888K, reserved 1114112K
  class space    used 6393K, committed 7040K, reserved 1048576K
}
Event: 31.702 GC heap before
{Heap before GC invocations=66 (full 3):
 PSYoungGen      total 17408K, used 17344K [0x00000000d5580000, 0x00000000d6880000, 0x0000000100000000)
  eden space 15872K, 100% used [0x00000000d5580000,0x00000000d6500000,0x00000000d6500000)
  from space 1536K, 95% used [0x00000000d6700000,0x00000000d6870000,0x00000000d6880000)
  to   space 1536K, 0% used [0x00000000d6580000,0x00000000d6580000,0x00000000d6700000)
 ParOldGen       total 68608K, used 66758K [0x0000000080000000, 0x0000000084300000, 0x00000000d5580000)
  object space 68608K, 97% used [0x0000000080000000,0x0000000084131880,0x0000000084300000)
 Metaspace       used 60423K, committed 61888K, reserved 1114112K
  class space    used 6393K, committed 7040K, reserved 1048576K
}
Event: 31.705 GC heap after
{Heap after GC invocations=66 (full 3):
 PSYoungGen      total 17408K, used 1536K [0x00000000d5580000, 0x00000000d6c00000, 0x0000000100000000)
  eden space 15872K, 0% used [0x00000000d5580000,0x00000000d5580000,0x00000000d6500000)
  from space 1536K, 100% used [0x00000000d6580000,0x00000000d6700000,0x00000000d6700000)
  to   space 3584K, 0% used [0x00000000d6880000,0x00000000d6880000,0x00000000d6c00000)
 ParOldGen       total 68608K, used 68118K [0x0000000080000000, 0x0000000084300000, 0x00000000d5580000)
  object space 68608K, 99% used [0x0000000080000000,0x0000000084285b10,0x0000000084300000)
 Metaspace       used 60423K, committed 61888K, reserved 1114112K
  class space    used 6393K, committed 7040K, reserved 1048576K
}
Event: 31.860 GC heap before
{Heap before GC invocations=67 (full 3):
 PSYoungGen      total 17408K, used 17408K [0x00000000d5580000, 0x00000000d6c00000, 0x0000000100000000)
  eden space 15872K, 100% used [0x00000000d5580000,0x00000000d6500000,0x00000000d6500000)
  from space 1536K, 100% used [0x00000000d6580000,0x00000000d6700000,0x00000000d6700000)
  to   space 3584K, 0% used [0x00000000d6880000,0x00000000d6880000,0x00000000d6c00000)
 ParOldGen       total 68608K, used 68118K [0x0000000080000000, 0x0000000084300000, 0x00000000d5580000)
  object space 68608K, 99% used [0x0000000080000000,0x0000000084285b10,0x0000000084300000)
 Metaspace       used 60460K, committed 61952K, reserved 1114112K
  class space    used 6393K, committed 7040K, reserved 1048576K
}
Event: 31.863 GC heap after
{Heap after GC invocations=67 (full 3):
 PSYoungGen      total 17408K, used 1248K [0x00000000d5580000, 0x00000000d6a00000, 0x0000000100000000)
  eden space 15872K, 0% used [0x00000000d5580000,0x00000000d5580000,0x00000000d6500000)
  from space 1536K, 81% used [0x00000000d6880000,0x00000000d69b8000,0x00000000d6a00000)
  to   space 2048K, 0% used [0x00000000d6600000,0x00000000d6600000,0x00000000d6800000)
 ParOldGen       total 69632K, used 69542K [0x0000000080000000, 0x0000000084400000, 0x00000000d5580000)
  object space 69632K, 99% used [0x0000000080000000,0x00000000843e9b10,0x0000000084400000)
 Metaspace       used 60460K, committed 61952K, reserved 1114112K
  class space    used 6393K, committed 7040K, reserved 1048576K
}
Event: 32.407 GC heap before
{Heap before GC invocations=68 (full 3):
 PSYoungGen      total 17408K, used 17120K [0x00000000d5580000, 0x00000000d6a00000, 0x0000000100000000)
  eden space 15872K, 100% used [0x00000000d5580000,0x00000000d6500000,0x00000000d6500000)
  from space 1536K, 81% used [0x00000000d6880000,0x00000000d69b8000,0x00000000d6a00000)
  to   space 2048K, 0% used [0x00000000d6600000,0x00000000d6600000,0x00000000d6800000)
 ParOldGen       total 69632K, used 69542K [0x0000000080000000, 0x0000000084400000, 0x00000000d5580000)
  object space 69632K, 99% used [0x0000000080000000,0x00000000843e9b10,0x0000000084400000)
 Metaspace       used 60585K, committed 62080K, reserved 1114112K
  class space    used 6404K, committed 7040K, reserved 1048576K
}
Event: 32.410 GC heap after
{Heap after GC invocations=68 (full 3):
 PSYoungGen      total 16896K, used 768K [0x00000000d5580000, 0x00000000d6900000, 0x0000000100000000)
  eden space 15872K, 0% used [0x00000000d5580000,0x00000000d5580000,0x00000000d6500000)
  from space 1024K, 75% used [0x00000000d6600000,0x00000000d66c0020,0x00000000d6700000)
  to   space 1536K, 0% used [0x00000000d6780000,0x00000000d6780000,0x00000000d6900000)
 ParOldGen       total 70144K, used 69966K [0x0000000080000000, 0x0000000084480000, 0x00000000d5580000)
  object space 70144K, 99% used [0x0000000080000000,0x0000000084453b10,0x0000000084480000)
 Metaspace       used 60585K, committed 62080K, reserved 1114112K
  class space    used 6404K, committed 7040K, reserved 1048576K
}
Event: 32.868 GC heap before
{Heap before GC invocations=69 (full 3):
 PSYoungGen      total 16896K, used 16640K [0x00000000d5580000, 0x00000000d6900000, 0x0000000100000000)
  eden space 15872K, 100% used [0x00000000d5580000,0x00000000d6500000,0x00000000d6500000)
  from space 1024K, 75% used [0x00000000d6600000,0x00000000d66c0020,0x00000000d6700000)
  to   space 1536K, 0% used [0x00000000d6780000,0x00000000d6780000,0x00000000d6900000)
 ParOldGen       total 70144K, used 69966K [0x0000000080000000, 0x0000000084480000, 0x00000000d5580000)
  object space 70144K, 99% used [0x0000000080000000,0x0000000084453b10,0x0000000084480000)
 Metaspace       used 60820K, committed 62272K, reserved 1114112K
  class space    used 6423K, committed 7040K, reserved 1048576K
}
Event: 32.870 GC heap after
{Heap after GC invocations=69 (full 3):
 PSYoungGen      total 16384K, used 448K [0x00000000d5580000, 0x00000000d6800000, 0x0000000100000000)
  eden space 15872K, 0% used [0x00000000d5580000,0x00000000d5580000,0x00000000d6500000)
  from space 512K, 87% used [0x00000000d6780000,0x00000000d67f0020,0x00000000d6800000)
  to   space 1024K, 0% used [0x00000000d6600000,0x00000000d6600000,0x00000000d6700000)
 ParOldGen       total 70656K, used 70513K [0x0000000080000000, 0x0000000084500000, 0x00000000d5580000)
  object space 70656K, 99% used [0x0000000080000000,0x00000000844dc430,0x0000000084500000)
 Metaspace       used 60820K, committed 62272K, reserved 1114112K
  class space    used 6423K, committed 7040K, reserved 1048576K
}
Event: 33.533 GC heap before
{Heap before GC invocations=70 (full 3):
 PSYoungGen      total 16384K, used 16320K [0x00000000d5580000, 0x00000000d6800000, 0x0000000100000000)
  eden space 15872K, 100% used [0x00000000d5580000,0x00000000d6500000,0x00000000d6500000)
  from space 512K, 87% used [0x00000000d6780000,0x00000000d67f0020,0x00000000d6800000)
  to   space 1024K, 0% used [0x00000000d6600000,0x00000000d6600000,0x00000000d6700000)
 ParOldGen       total 70656K, used 70513K [0x0000000080000000, 0x0000000084500000, 0x00000000d5580000)
  object space 70656K, 99% used [0x0000000080000000,0x00000000844dc430,0x0000000084500000)
 Metaspace       used 61122K, committed 62528K, reserved 1114112K
  class space    used 6434K, committed 7040K, reserved 1048576K
}
Event: 33.536 GC heap after
{Heap after GC invocations=70 (full 3):
 PSYoungGen      total 16896K, used 800K [0x00000000d5580000, 0x00000000d6800000, 0x0000000100000000)
  eden space 15872K, 0% used [0x00000000d5580000,0x00000000d5580000,0x00000000d6500000)
  from space 1024K, 78% used [0x00000000d6600000,0x00000000d66c8000,0x00000000d6700000)
  to   space 1024K, 0% used [0x00000000d6700000,0x00000000d6700000,0x00000000d6800000)
 ParOldGen       total 71168K, used 70809K [0x0000000080000000, 0x0000000084580000, 0x00000000d5580000)
  object space 71168K, 99% used [0x0000000080000000,0x0000000084526460,0x0000000084580000)
 Metaspace       used 61122K, committed 62528K, reserved 1114112K
  class space    used 6434K, committed 7040K, reserved 1048576K
}

