# JRE version: OpenJDK Runtime Environment Temurin-21.0.10+7 (21.0.10+7) (build 21.0.10+7-LTS)
# Java VM: OpenJDK 64-Bit Server VM Temurin-21.0.10+7 (21.0.10+7-LTS, mixed mode, sharing, tiered, compressed oops, compressed class ptrs, parallel gc, windows-amd64)
GC Precious Log:
 CardTable entry size: 512
 CPUs: 8 total, 8 available
 Memory: 7418M
 Large Page Support: Disabled
 NUMA Support: Disabled
 Compressed Oops: Enabled (32-bit)
 Alignments: Space 512K, Generation 512K, Heap 2M
 Heap Min Capacity: 100M
 Heap Initial Capacity: 100M
 Heap Max Capacity: 2G
 Pre-touch: Disabled
 Parallel Workers: 8
Heap:
 PSYoungGen      total 4608K, used 2395K [0x00000000d5580000, 0x00000000d5d80000, 0x0000000100000000)
  eden space 4096K, 54% used [0x00000000d5580000,0x00000000d57aecf8,0x00000000d5980000)
  from space 512K, 31% used [0x00000000d5d00000,0x00000000d5d28000,0x00000000d5d80000)
  to   space 512K, 0% used [0x00000000d5c80000,0x00000000d5c80000,0x00000000d5d00000)
 ParOldGen       total 717824K, used 717360K [0x0000000080000000, 0x00000000abd00000, 0x00000000d5580000)
  object space 717824K, 99% used [0x0000000080000000,0x00000000abc8c070,0x00000000abd00000)
 Metaspace       used 73564K, committed 75264K, reserved 1179648K
  class space    used 7749K, committed 8512K, reserved 1048576K
GC Heap History (20 events):
Event: 165.556 GC heap before
{Heap before GC invocations=1396 (full 3):
 PSYoungGen      total 4608K, used 4608K [0x00000000d5580000, 0x00000000d6000000, 0x0000000100000000)
  eden space 4096K, 100% used [0x00000000d5580000,0x00000000d5980000,0x00000000d5980000)
  from space 512K, 100% used [0x00000000d5c00000,0x00000000d5c80000,0x00000000d5c80000)
  to   space 2560K, 0% used [0x00000000d5980000,0x00000000d5980000,0x00000000d5c00000)
 ParOldGen       total 711680K, used 711491K [0x0000000080000000, 0x00000000ab700000, 0x00000000d5580000)
  object space 711680K, 99% used [0x0000000080000000,0x00000000ab6d0de0,0x00000000ab700000)
 Metaspace       used 73459K, committed 75136K, reserved 1179648K
  class space    used 7748K, committed 8512K, reserved 1048576K
}
Event: 165.561 GC heap after
{Heap after GC invocations=1396 (full 3):
 PSYoungGen      total 5120K, used 960K [0x00000000d5580000, 0x00000000d5c80000, 0x0000000100000000)
  eden space 4096K, 0% used [0x00000000d5580000,0x00000000d5580000,0x00000000d5980000)
  from space 1024K, 93% used [0x00000000d5980000,0x00000000d5a70000,0x00000000d5a80000)
  to   space 1536K, 0% used [0x00000000d5b00000,0x00000000d5b00000,0x00000000d5c80000)
 ParOldGen       total 712192K, used 711995K [0x0000000080000000, 0x00000000ab780000, 0x00000000d5580000)
  object space 712192K, 99% used [0x0000000080000000,0x00000000ab74edf0,0x00000000ab780000)
 Metaspace       used 73459K, committed 75136K, reserved 1179648K
  class space    used 7748K, committed 8512K, reserved 1048576K
}
Event: 165.637 GC heap before
{Heap before GC invocations=1397 (full 3):
 PSYoungGen      total 5120K, used 5055K [0x00000000d5580000, 0x00000000d5c80000, 0x0000000100000000)
  eden space 4096K, 99% used [0x00000000d5580000,0x00000000d597fff0,0x00000000d5980000)
  from space 1024K, 93% used [0x00000000d5980000,0x00000000d5a70000,0x00000000d5a80000)
  to   space 1536K, 0% used [0x00000000d5b00000,0x00000000d5b00000,0x00000000d5c80000)
 ParOldGen       total 712192K, used 711995K [0x0000000080000000, 0x00000000ab780000, 0x00000000d5580000)
  object space 712192K, 99% used [0x0000000080000000,0x00000000ab74edf0,0x00000000ab780000)
 Metaspace       used 73479K, committed 75136K, reserved 1179648K
  class space    used 7748K, committed 8512K, reserved 1048576K
}
Event: 165.642 GC heap after
{Heap after GC invocations=1397 (full 3):
 PSYoungGen      total 5120K, used 768K [0x00000000d5580000, 0x00000000d5c00000, 0x0000000100000000)
  eden space 4096K, 0% used [0x00000000d5580000,0x00000000d5580000,0x00000000d5980000)
  from space 1024K, 75% used [0x00000000d5b00000,0x00000000d5bc0000,0x00000000d5c00000)
  to   space 1024K, 0% used [0x00000000d5980000,0x00000000d5980000,0x00000000d5a80000)
 ParOldGen       total 712704K, used 712328K [0x0000000080000000, 0x00000000ab800000, 0x00000000d5580000)
  object space 712704K, 99% used [0x0000000080000000,0x00000000ab7a2000,0x00000000ab800000)
 Metaspace       used 73479K, committed 75136K, reserved 1179648K
  class space    used 7748K, committed 8512K, reserved 1048576K
}
Event: 165.758 GC heap before
{Heap before GC invocations=1398 (full 3):
 PSYoungGen      total 5120K, used 4864K [0x00000000d5580000, 0x00000000d5c00000, 0x0000000100000000)
  eden space 4096K, 100% used [0x00000000d5580000,0x00000000d5980000,0x00000000d5980000)
  from space 1024K, 75% used [0x00000000d5b00000,0x00000000d5bc0000,0x00000000d5c00000)
  to   space 1024K, 0% used [0x00000000d5980000,0x00000000d5980000,0x00000000d5a80000)
 ParOldGen       total 712704K, used 712328K [0x0000000080000000, 0x00000000ab800000, 0x00000000d5580000)
  object space 712704K, 99% used [0x0000000080000000,0x00000000ab7a2000,0x00000000ab800000)
 Metaspace       used 73482K, committed 75136K, reserved 1179648K
  class space    used 7748K, committed 8512K, reserved 1048576K
}
Event: 165.762 GC heap after
{Heap after GC invocations=1398 (full 3):
 PSYoungGen      total 5120K, used 1022K [0x00000000d5580000, 0x00000000d6080000, 0x0000000100000000)
  eden space 4096K, 0% used [0x00000000d5580000,0x00000000d5580000,0x00000000d5980000)
  from space 1024K, 99% used [0x00000000d5980000,0x00000000d5a7fa20,0x00000000d5a80000)
  to   space 3584K, 0% used [0x00000000d5d00000,0x00000000d5d00000,0x00000000d6080000)
 ParOldGen       total 714240K, used 714166K [0x0000000080000000, 0x00000000ab980000, 0x00000000d5580000)
  object space 714240K, 99% used [0x0000000080000000,0x00000000ab96d9e8,0x00000000ab980000)
 Metaspace       used 73482K, committed 75136K, reserved 1179648K
  class space    used 7748K, committed 8512K, reserved 1048576K
}
Event: 165.931 GC heap before
{Heap before GC invocations=1399 (full 3):
 PSYoungGen      total 5120K, used 5118K [0x00000000d5580000, 0x00000000d6080000, 0x0000000100000000)
  eden space 4096K, 100% used [0x00000000d5580000,0x00000000d5980000,0x00000000d5980000)
  from space 1024K, 99% used [0x00000000d5980000,0x00000000d5a7fa20,0x00000000d5a80000)
  to   space 3584K, 0% used [0x00000000d5d00000,0x00000000d5d00000,0x00000000d6080000)
 ParOldGen       total 714240K, used 714166K [0x0000000080000000, 0x00000000ab980000, 0x00000000d5580000)
  object space 714240K, 99% used [0x0000000080000000,0x00000000ab96d9e8,0x00000000ab980000)
 Metaspace       used 73516K, committed 75200K, reserved 1179648K
  class space    used 7748K, committed 8512K, reserved 1048576K
}
Event: 165.935 GC heap after
{Heap after GC invocations=1399 (full 3):
 PSYoungGen      total 4608K, used 448K [0x00000000d5580000, 0x00000000d5d80000, 0x0000000100000000)
  eden space 4096K, 0% used [0x00000000d5580000,0x00000000d5580000,0x00000000d5980000)
  from space 512K, 87% used [0x00000000d5d00000,0x00000000d5d70000,0x00000000d5d80000)
  to   space 1536K, 0% used [0x00000000d5a80000,0x00000000d5a80000,0x00000000d5c00000)
 ParOldGen       total 714752K, used 714262K [0x0000000080000000, 0x00000000aba00000, 0x00000000d5580000)
  object space 714752K, 99% used [0x0000000080000000,0x00000000ab9859e8,0x00000000aba00000)
 Metaspace       used 73516K, committed 75200K, reserved 1179648K
  class space    used 7748K, committed 8512K, reserved 1048576K
}
Event: 166.292 GC heap before
{Heap before GC invocations=1400 (full 3):
 PSYoungGen      total 4608K, used 4381K [0x00000000d5580000, 0x00000000d5d80000, 0x0000000100000000)
  eden space 4096K, 96% used [0x00000000d5580000,0x00000000d5957790,0x00000000d5980000)
  from space 512K, 87% used [0x00000000d5d00000,0x00000000d5d70000,0x00000000d5d80000)
  to   space 1536K, 0% used [0x00000000d5a80000,0x00000000d5a80000,0x00000000d5c00000)
 ParOldGen       total 714752K, used 714262K [0x0000000080000000, 0x00000000aba00000, 0x00000000d5580000)
  object space 714752K, 99% used [0x0000000080000000,0x00000000ab9859e8,0x00000000aba00000)
 Metaspace       used 73552K, committed 75264K, reserved 1179648K
  class space    used 7749K, committed 8512K, reserved 1048576K
}
Event: 166.296 GC heap after
{Heap after GC invocations=1400 (full 3):
 PSYoungGen      total 5632K, used 256K [0x00000000d5580000, 0x00000000d5d80000, 0x0000000100000000)
  eden space 4096K, 0% used [0x00000000d5580000,0x00000000d5580000,0x00000000d5980000)
  from space 1536K, 16% used [0x00000000d5a80000,0x00000000d5ac0000,0x00000000d5c00000)
  to   space 512K, 0% used [0x00000000d5d00000,0x00000000d5d00000,0x00000000d5d80000)
 ParOldGen       total 714752K, used 714534K [0x0000000080000000, 0x00000000aba00000, 0x00000000d5580000)
  object space 714752K, 99% used [0x0000000080000000,0x00000000ab9c99e8,0x00000000aba00000)
 Metaspace       used 73552K, committed 75264K, reserved 1179648K
  class space    used 7749K, committed 8512K, reserved 1048576K
}
Event: 166.563 GC heap before
{Heap before GC invocations=1401 (full 3):
 PSYoungGen      total 5632K, used 4050K [0x00000000d5580000, 0x00000000d5d80000, 0x0000000100000000)
  eden space 4096K, 92% used [0x00000000d5580000,0x00000000d59348b0,0x00000000d5980000)
  from space 1536K, 16% used [0x00000000d5a80000,0x00000000d5ac0000,0x00000000d5c00000)
  to   space 512K, 0% used [0x00000000d5d00000,0x00000000d5d00000,0x00000000d5d80000)
 ParOldGen       total 714752K, used 714534K [0x0000000080000000, 0x00000000aba00000, 0x00000000d5580000)
  object space 714752K, 99% used [0x0000000080000000,0x00000000ab9c99e8,0x00000000aba00000)
 Metaspace       used 73553K, committed 75264K, reserved 1179648K
  class space    used 7749K, committed 8512K, reserved 1048576K
}
Event: 166.567 GC heap after
{Heap after GC invocations=1401 (full 3):
 PSYoungGen      total 4608K, used 256K [0x00000000d5580000, 0x00000000d5d80000, 0x0000000100000000)
  eden space 4096K, 0% used [0x00000000d5580000,0x00000000d5580000,0x00000000d5980000)
  from space 512K, 50% used [0x00000000d5d00000,0x00000000d5d40000,0x00000000d5d80000)
  to   space 512K, 0% used [0x00000000d5c80000,0x00000000d5c80000,0x00000000d5d00000)
 ParOldGen       total 714752K, used 714614K [0x0000000080000000, 0x00000000aba00000, 0x00000000d5580000)
  object space 714752K, 99% used [0x0000000080000000,0x00000000ab9dd9e8,0x00000000aba00000)
 Metaspace       used 73553K, committed 75264K, reserved 1179648K
  class space    used 7749K, committed 8512K, reserved 1048576K
}
Event: 166.583 GC heap before
{Heap before GC invocations=1402 (full 3):
 PSYoungGen      total 4608K, used 4168K [0x00000000d5580000, 0x00000000d5d80000, 0x0000000100000000)
  eden space 4096K, 95% used [0x00000000d5580000,0x00000000d59523f8,0x00000000d5980000)
  from space 512K, 50% used [0x00000000d5d00000,0x00000000d5d40000,0x00000000d5d80000)
  to   space 512K, 0% used [0x00000000d5c80000,0x00000000d5c80000,0x00000000d5d00000)
 ParOldGen       total 714752K, used 714614K [0x0000000080000000, 0x00000000aba00000, 0x00000000d5580000)
  object space 714752K, 99% used [0x0000000080000000,0x00000000ab9dd9e8,0x00000000aba00000)
 Metaspace       used 73553K, committed 75264K, reserved 1179648K
  class space    used 7749K, committed 8512K, reserved 1048576K
}
Event: 166.590 GC heap after
{Heap after GC invocations=1402 (full 3):
 PSYoungGen      total 4608K, used 496K [0x00000000d5580000, 0x00000000d6080000, 0x0000000100000000)
  eden space 4096K, 0% used [0x00000000d5580000,0x00000000d5580000,0x00000000d5980000)
  from space 512K, 96% used [0x00000000d5c80000,0x00000000d5cfc120,0x00000000d5d00000)
  to   space 3584K, 0% used [0x00000000d5d00000,0x00000000d5d00000,0x00000000d6080000)
 ParOldGen       total 717312K, used 717011K [0x0000000080000000, 0x00000000abc80000, 0x00000000d5580000)
  object space 717312K, 99% used [0x0000000080000000,0x00000000abc34d98,0x00000000abc80000)
 Metaspace       used 73553K, committed 75264K, reserved 1179648K
  class space    used 7749K, committed 8512K, reserved 1048576K
}
Event: 166.689 GC heap before
{Heap before GC invocations=1403 (full 3):
 PSYoungGen      total 4608K, used 4592K [0x00000000d5580000, 0x00000000d6080000, 0x0000000100000000)
  eden space 4096K, 100% used [0x00000000d5580000,0x00000000d5980000,0x00000000d5980000)
  from space 512K, 96% used [0x00000000d5c80000,0x00000000d5cfc120,0x00000000d5d00000)
  to   space 3584K, 0% used [0x00000000d5d00000,0x00000000d5d00000,0x00000000d6080000)
 ParOldGen       total 717312K, used 717011K [0x0000000080000000, 0x00000000abc80000, 0x00000000d5580000)
  object space 717312K, 99% used [0x0000000080000000,0x00000000abc34d98,0x00000000abc80000)
 Metaspace       used 73553K, committed 75264K, reserved 1179648K
  class space    used 7749K, committed 8512K, reserved 1048576K
}
Event: 166.693 GC heap after
{Heap after GC invocations=1403 (full 3):
 PSYoungGen      total 4608K, used 192K [0x00000000d5580000, 0x00000000d5d80000, 0x0000000100000000)
  eden space 4096K, 0% used [0x00000000d5580000,0x00000000d5580000,0x00000000d5980000)
  from space 512K, 37% used [0x00000000d5d00000,0x00000000d5d30000,0x00000000d5d80000)
  to   space 1536K, 0% used [0x00000000d5a80000,0x00000000d5a80000,0x00000000d5c00000)
 ParOldGen       total 717312K, used 717216K [0x0000000080000000, 0x00000000abc80000, 0x00000000d5580000)
  object space 717312K, 99% used [0x0000000080000000,0x00000000abc68060,0x00000000abc80000)
 Metaspace       used 73553K, committed 75264K, reserved 1179648K
  class space    used 7749K, committed 8512K, reserved 1048576K
}
Event: 167.349 GC heap before
{Heap before GC invocations=1404 (full 3):
 PSYoungGen      total 4608K, used 4288K [0x00000000d5580000, 0x00000000d5d80000, 0x0000000100000000)
  eden space 4096K, 100% used [0x00000000d5580000,0x00000000d5980000,0x00000000d5980000)
  from space 512K, 37% used [0x00000000d5d00000,0x00000000d5d30000,0x00000000d5d80000)
  to   space 1536K, 0% used [0x00000000d5a80000,0x00000000d5a80000,0x00000000d5c00000)
 ParOldGen       total 717312K, used 717216K [0x0000000080000000, 0x00000000abc80000, 0x00000000d5580000)
  object space 717312K, 99% used [0x0000000080000000,0x00000000abc68060,0x00000000abc80000)
 Metaspace       used 73557K, committed 75264K, reserved 1179648K
  class space    used 7749K, committed 8512K, reserved 1048576K
}
Event: 167.353 GC heap after
{Heap after GC invocations=1404 (full 3):
 PSYoungGen      total 5632K, used 288K [0x00000000d5580000, 0x00000000d5d80000, 0x0000000100000000)
  eden space 4096K, 0% used [0x00000000d5580000,0x00000000d5580000,0x00000000d5980000)
  from space 1536K, 18% used [0x00000000d5a80000,0x00000000d5ac8000,0x00000000d5c00000)
  to   space 512K, 0% used [0x00000000d5d00000,0x00000000d5d00000,0x00000000d5d80000)
 ParOldGen       total 717312K, used 717256K [0x0000000080000000, 0x00000000abc80000, 0x00000000d5580000)
  object space 717312K, 99% used [0x0000000080000000,0x00000000abc72060,0x00000000abc80000)
 Metaspace       used 73557K, committed 75264K, reserved 1179648K
  class space    used 7749K, committed 8512K, reserved 1048576K
}
Event: 167.619 GC heap before
{Heap before GC invocations=1405 (full 3):
 PSYoungGen      total 5632K, used 4384K [0x00000000d5580000, 0x00000000d5d80000, 0x0000000100000000)
  eden space 4096K, 100% used [0x00000000d5580000,0x00000000d5980000,0x00000000d5980000)
  from space 1536K, 18% used [0x00000000d5a80000,0x00000000d5ac8000,0x00000000d5c00000)
  to   space 512K, 0% used [0x00000000d5d00000,0x00000000d5d00000,0x00000000d5d80000)
 ParOldGen       total 717312K, used 717256K [0x0000000080000000, 0x00000000abc80000, 0x00000000d5580000)
  object space 717312K, 99% used [0x0000000080000000,0x00000000abc72060,0x00000000abc80000)
 Metaspace       used 73558K, committed 75264K, reserved 1179648K
  class space    used 7749K, committed 8512K, reserved 1048576K
}
Event: 167.623 GC heap after
{Heap after GC invocations=1405 (full 3):
 PSYoungGen      total 4608K, used 160K [0x00000000d5580000, 0x00000000d5d80000, 0x0000000100000000)
  eden space 4096K, 0% used [0x00000000d5580000,0x00000000d5580000,0x00000000d5980000)
  from space 512K, 31% used [0x00000000d5d00000,0x00000000d5d28000,0x00000000d5d80000)
  to   space 512K, 0% used [0x00000000d5c80000,0x00000000d5c80000,0x00000000d5d00000)
 ParOldGen       total 717824K, used 717360K [0x0000000080000000, 0x00000000abd00000, 0x00000000d5580000)
  object space 717824K, 99% used [0x0000000080000000,0x00000000abc8c070,0x00000000abd00000)
 Metaspace       used 73558K, committed 75264K, reserved 1179648K
  class space    used 7749K, committed 8512K, reserved 1048576K
}

